<?xml version="1.0" encoding="UTF-8"?>
<testng-results ignored="0" total="2" passed="2" failed="0" skipped="0">
  <reporter-output>
  </reporter-output>
  <suite started-at="2021-09-04T19:48:54 GMT+05:30" name="Default suite" finished-at="2021-09-04T19:49:21 GMT+05:30" duration-ms="26819">
    <groups>
    </groups>
    <test started-at="2021-09-04T19:48:54 GMT+05:30" name="Default test" finished-at="2021-09-04T19:49:21 GMT+05:30" duration-ms="26819">
      <class name="testCasese2e.HomePageTest">
        <test-method is-config="true" signature="enter()[pri:0, instance:testCasese2e.HomePageTest@29215f06]" started-at="2021-09-04T19:48:54 GMT+05:30" name="enter" finished-at="2021-09-04T19:48:57 GMT+05:30" duration-ms="2950" status="PASS">
          <reporter-output>
          </reporter-output>
        </test-method> <!-- enter -->
        <test-method signature="basePagenavigation(java.lang.String,java.lang.String)[pri:0, instance:testCasese2e.HomePageTest@29215f06]" started-at="2021-09-04T19:48:57 GMT+05:30" name="basePagenavigation" data-provider="getData" finished-at="2021-09-04T19:49:14 GMT+05:30" duration-ms="16435" status="PASS">
          <params>
            <param index="0">
              <value>
                <![CDATA[abc@gmail.com]]>
              </value>
            </param>
            <param index="1">
              <value>
                <![CDATA[password@123]]>
              </value>
            </param>
          </params>
          <reporter-output>
          </reporter-output>
        </test-method> <!-- basePagenavigation -->
        <test-method signature="basePagenavigation(java.lang.String,java.lang.String)[pri:0, instance:testCasese2e.HomePageTest@29215f06]" started-at="2021-09-04T19:49:14 GMT+05:30" name="basePagenavigation" data-provider="getData" finished-at="2021-09-04T19:49:20 GMT+05:30" duration-ms="6472" status="PASS">
          <params>
            <param index="0">
              <value>
                <![CDATA[academy@gmail.com]]>
              </value>
            </param>
            <param index="1">
              <value>
                <![CDATA[academy@2021]]>
              </value>
            </param>
          </params>
          <reporter-output>
          </reporter-output>
        </test-method> <!-- basePagenavigation -->
        <test-method is-config="true" signature="tearDown()[pri:0, instance:testCasese2e.HomePageTest@29215f06]" started-at="2021-09-04T19:49:20 GMT+05:30" name="tearDown" finished-at="2021-09-04T19:49:21 GMT+05:30" duration-ms="872" status="PASS">
          <reporter-output>
          </reporter-output>
        </test-method> <!-- tearDown -->
      </class> <!-- testCasese2e.HomePageTest -->
    </test> <!-- Default test -->
  </suite> <!-- Default suite -->
</testng-results>
