<?xml version="1.0" encoding="UTF-8"?>
<testng-results ignored="0" total="4" passed="4" failed="0" skipped="0">
  <reporter-output>
  </reporter-output>
  <suite started-at="2021-09-07T19:23:27 GMT+05:30" name="Suite" finished-at="2021-09-07T19:23:46 GMT+05:30" duration-ms="18924">
    <groups>
    </groups>
    <test started-at="2021-09-07T19:23:27 GMT+05:30" name="Testcase2" finished-at="2021-09-07T19:23:28 GMT+05:30" duration-ms="138">
      <class name="testCasese2e.testcase">
        <test-method signature="Test1()[pri:0, instance:testCasese2e.testcase@2c7d121c]" started-at="2021-09-07T19:23:28 GMT+05:30" name="Test1" finished-at="2021-09-07T19:23:28 GMT+05:30" duration-ms="11" status="PASS">
          <reporter-output>
          </reporter-output>
        </test-method> <!-- Test1 -->
        <test-method signature="Test2()[pri:0, instance:testCasese2e.testcase@2c7d121c]" started-at="2021-09-07T19:23:28 GMT+05:30" name="Test2" finished-at="2021-09-07T19:23:28 GMT+05:30" duration-ms="16" status="PASS">
          <reporter-output>
          </reporter-output>
        </test-method> <!-- Test2 -->
      </class> <!-- testCasese2e.testcase -->
    </test> <!-- Testcase2 -->
    <test started-at="2021-09-07T19:23:27 GMT+05:30" name="Test" finished-at="2021-09-07T19:23:46 GMT+05:30" duration-ms="18924">
      <class name="testCasese2e.HomePageTest">
        <test-method is-config="true" signature="enter()[pri:0, instance:testCasese2e.HomePageTest@878452d]" started-at="2021-09-07T19:23:27 GMT+05:30" name="enter" finished-at="2021-09-07T19:23:30 GMT+05:30" duration-ms="2704" status="PASS">
          <reporter-output>
          </reporter-output>
        </test-method> <!-- enter -->
        <test-method signature="basePagenavigation(java.lang.String,java.lang.String)[pri:0, instance:testCasese2e.HomePageTest@878452d]" started-at="2021-09-07T19:23:30 GMT+05:30" name="basePagenavigation" data-provider="getData" finished-at="2021-09-07T19:23:39 GMT+05:30" duration-ms="8558" status="PASS">
          <params>
            <param index="0">
              <value>
                <![CDATA[abc@gmail.com]]>
              </value>
            </param>
            <param index="1">
              <value>
                <![CDATA[password@123]]>
              </value>
            </param>
          </params>
          <reporter-output>
          </reporter-output>
        </test-method> <!-- basePagenavigation -->
        <test-method signature="basePagenavigation(java.lang.String,java.lang.String)[pri:0, instance:testCasese2e.HomePageTest@878452d]" started-at="2021-09-07T19:23:39 GMT+05:30" name="basePagenavigation" data-provider="getData" finished-at="2021-09-07T19:23:46 GMT+05:30" duration-ms="6808" status="PASS">
          <params>
            <param index="0">
              <value>
                <![CDATA[academy@gmail.com]]>
              </value>
            </param>
            <param index="1">
              <value>
                <![CDATA[academy@2021]]>
              </value>
            </param>
          </params>
          <reporter-output>
          </reporter-output>
        </test-method> <!-- basePagenavigation -->
        <test-method is-config="true" signature="tearDown()[pri:0, instance:testCasese2e.HomePageTest@878452d]" started-at="2021-09-07T19:23:46 GMT+05:30" name="tearDown" finished-at="2021-09-07T19:23:46 GMT+05:30" duration-ms="825" status="PASS">
          <reporter-output>
          </reporter-output>
        </test-method> <!-- tearDown -->
      </class> <!-- testCasese2e.HomePageTest -->
    </test> <!-- Test -->
  </suite> <!-- Suite -->
</testng-results>
